<?xml version="1.0" encoding="UTF-8"?>
<testsuite name="LibraryTest" tests="1" skipped="0" failures="0" errors="0" timestamp="2017-06-15T15:35:36" hostname="DESKTOP-PIBMRD4" time="0.016">
  <properties/>
  <testcase name="testSomeLibraryMethod" classname="LibraryTest" time="0.016"/>
  <system-out><![CDATA[]]></system-out>
  <system-err><![CDATA[]]></system-err>
</testsuite>
